<?xml version="1.0" encoding="UTF-8"?>
<!-- Generated by org.testng.reporters.JUnitXMLReporter -->
<testsuite ignored="4" hostname="LGVN12046-OS2" failures="0" tests="1" name="Default test" time="16.187" errors="0" timestamp="07 Feb 2018 10:04:47 GMT">
  <testcase classname="Dashboard.TestCases" name="DA_LOGIN_TC009" time="10.006"/>
  <testcase classname="Dashboard.TestCases" name="DA_LOGIN_TC004" time="0.0">
    <ignored/>
  </testcase> <!-- DA_LOGIN_TC004 -->
  <testcase classname="Dashboard.TestCases" name="DA_LOGIN_TC003" time="0.0">
    <ignored/>
  </testcase> <!-- DA_LOGIN_TC003 -->
  <testcase classname="Dashboard.TestCases" name="DA_LOGIN_TC002" time="0.0">
    <ignored/>
  </testcase> <!-- DA_LOGIN_TC002 -->
  <testcase classname="Dashboard.TestCases" name="DA_LOGIN_TC001" time="0.0">
    <ignored/>
  </testcase> <!-- DA_LOGIN_TC001 -->
</testsuite> <!-- Default test -->
