<?xml version="1.0" encoding="UTF-8"?>
<!-- Generated by org.testng.reporters.JUnitXMLReporter -->
<testsuite ignored="1" hostname="lgvn14368-w7" failures="0" tests="1" name="Default test" time="28.071" errors="0" timestamp="09 Feb 2018 07:49:02 GMT">
  <testcase classname="Dashboard.DA_CEA_NP" name="DA_LOGIN_TC014" time="23.404"/>
  <testcase classname="Dashboard.DA_CEA_NP" name="DA_LOGIN_TC015" time="0.0">
    <ignored/>
  </testcase> <!-- DA_LOGIN_TC015 -->
</testsuite> <!-- Default test -->
