<?xml version="1.0" encoding="UTF-8"?>
<testng-results ignored="1" total="2" passed="1" failed="0" skipped="0">
  <reporter-output>
  </reporter-output>
  <suite started-at="2018-02-12T02:43:13Z" name="Default suite" finished-at="2018-02-12T02:43:23Z" duration-ms="10365">
    <groups>
    </groups>
    <test started-at="2018-02-12T02:43:13Z" name="Default test" finished-at="2018-02-12T02:43:23Z" duration-ms="10365">
      <class name="Dashboard.DA_CEA_NP">
        <test-method is-config="true" signature="beforeMethod()[pri:0, instance:Dashboard.DA_CEA_NP@68e5eea7]" started-at="2018-02-12T09:43:13Z" name="beforeMethod" finished-at="2018-02-12T09:43:18Z" duration-ms="5403" status="PASS">
          <reporter-output>
          </reporter-output>
        </test-method> <!-- beforeMethod -->
        <test-method signature="DA_LOGIN_TC015()[pri:0, instance:Dashboard.DA_CEA_NP@68e5eea7]" started-at="2018-02-12T09:43:18Z" name="DA_LOGIN_TC015" finished-at="2018-02-12T09:43:22Z" duration-ms="4065" status="PASS">
          <reporter-output>
          </reporter-output>
        </test-method> <!-- DA_LOGIN_TC015 -->
        <test-method is-config="true" signature="afterMethod()[pri:0, instance:Dashboard.DA_CEA_NP@68e5eea7]" started-at="2018-02-12T09:43:22Z" name="afterMethod" finished-at="2018-02-12T09:43:23Z" duration-ms="867" status="PASS">
          <reporter-output>
          </reporter-output>
        </test-method> <!-- afterMethod -->
      </class> <!-- Dashboard.DA_CEA_NP -->
    </test> <!-- Default test -->
  </suite> <!-- Default suite -->
</testng-results>
