<?xml version="1.0" encoding="UTF-8"?>
<testng-results ignored="4" total="5" passed="1" failed="0" skipped="0">
  <reporter-output>
  </reporter-output>
  <suite started-at="2018-02-13T04:03:45Z" name="Default suite" finished-at="2018-02-13T04:03:58Z" duration-ms="12924">
    <groups>
    </groups>
    <test started-at="2018-02-13T04:03:45Z" name="Default test" finished-at="2018-02-13T04:03:58Z" duration-ms="12924">
      <class name="Dashboard.DA_CEA_NP">
        <test-method is-config="true" signature="beforeMethod()[pri:0, instance:Dashboard.DA_CEA_NP@68e5eea7]" started-at="2018-02-13T11:03:45Z" name="beforeMethod" finished-at="2018-02-13T11:03:49Z" duration-ms="4197" status="PASS">
          <reporter-output>
          </reporter-output>
        </test-method> <!-- beforeMethod -->
        <test-method signature="DAMPTC016()[pri:0, instance:Dashboard.DA_CEA_NP@68e5eea7]" started-at="2018-02-13T11:03:49Z" name="DAMPTC016" finished-at="2018-02-13T11:03:57Z" duration-ms="8053" status="PASS">
          <reporter-output>
          </reporter-output>
        </test-method> <!-- DAMPTC016 -->
        <test-method is-config="true" signature="afterMethod()[pri:0, instance:Dashboard.DA_CEA_NP@68e5eea7]" started-at="2018-02-13T11:03:57Z" name="afterMethod" finished-at="2018-02-13T11:03:58Z" duration-ms="640" status="PASS">
          <reporter-output>
          </reporter-output>
        </test-method> <!-- afterMethod -->
      </class> <!-- Dashboard.DA_CEA_NP -->
    </test> <!-- Default test -->
  </suite> <!-- Default suite -->
</testng-results>
